<?xml version="1.0" encoding="UTF-8"?>
<!-- Generated by org.testng.reporters.JUnitXMLReporter -->
<testsuite ignored="1" hostname="IN-B1BTTN3" failures="1" tests="2" name="ErrorValidationTest" time="16.233" errors="0" timestamp="2023-06-19T11:07:45 IST">
  <testcase classname="RahulShettyAcademy.SeleniumFrameworkDesign.ErrorValidationTest" name="ErrorValidation" time="1.767">
    <skipped/>
  </testcase> <!-- ErrorValidation -->
  <testcase classname="RahulShettyAcademy.SeleniumFrameworkDesign.ErrorValidationTest" name="ErrorValidation" time="1.673">
    <failure type="java.lang.AssertionError" message="expected [Incorrect email or password.] but found [Incorrecqt email or password.]">
      <![CDATA[java.lang.AssertionError: expected [Incorrect email or password.] but found [Incorrecqt email or password.]
at RahulShettyAcademy.SeleniumFrameworkDesign.ErrorValidationTest.ErrorValidation(ErrorValidationTest.java:33)
at java.base/java.util.ArrayList.forEach(ArrayList.java:1540)
... Removed 37 stack frames]]>
    </failure>
  </testcase> <!-- ErrorValidation -->
  <testcase classname="RahulShettyAcademy.SeleniumFrameworkDesign.ErrorValidationTest" name="ErrorValidationorderitem" time="0.0">
    <ignored/>
  </testcase> <!-- ErrorValidationorderitem -->
</testsuite> <!-- ErrorValidationTest -->
